<?xml version="1.0" encoding="UTF-8"?>
<!-- Generated by org.testng.reporters.JUnitReportReporter -->
<testsuite skipped="0" hostname="DESKTOP-SHQ3D9P" name="Selenium_Grid.Selenium_Grid.Test_Grid" tests="3" failures="0" timestamp="2021-04-08T16:41:33 IST" time="188.604" errors="0">
  <testcase name="Test2" time="61.958" classname="Selenium_Grid.Selenium_Grid.Test_Grid"/>
  <system-out/>
  <testcase name="Test3" time="63.323" classname="Selenium_Grid.Selenium_Grid.Test_Grid"/>
  <system-out/>
  <testcase name="Test1" time="63.323" classname="Selenium_Grid.Selenium_Grid.Test_Grid"/>
  <system-out/>
</testsuite> <!-- Selenium_Grid.Selenium_Grid.Test_Grid -->
